<?xml version="1.0" encoding="UTF-8"?>
<testsuite xmlns:xsi="http://www.w3.org/2001/XMLSchema-instance" xsi:noNamespaceSchemaLocation="https://maven.apache.org/surefire/maven-surefire-plugin/xsd/surefire-test-report-3.0.xsd" version="3.0" name="com.udacity.security.service.SecurityServiceTest" time="0.428" tests="20" errors="0" skipped="0" failures="0">
  <properties>
    <property name="java.specification.version" value="17"/>
    <property name="sun.jnu.encoding" value="UTF-8"/>
    <property name="java.class.path" value="/Users/foystorwan/Desktop/udasecurity-home-security/catpoint-parent/securitymodule/target/test-classes:/Users/foystorwan/.m2/repository/software/amazon/awssdk/aws-core/2.13.72/aws-core-2.13.72.jar:/Users/foystorwan/.m2/repository/software/amazon/awssdk/annotations/2.13.72/annotations-2.13.72.jar:/Users/foystorwan/.m2/repository/com/fasterxml/jackson/core/jackson-databind/2.10.4/jackson-databind-2.10.4.jar:/Users/foystorwan/.m2/repository/com/fasterxml/jackson/core/jackson-annotations/2.10.4/jackson-annotations-2.10.4.jar:/Users/foystorwan/.m2/repository/software/amazon/awssdk/profiles/2.13.72/profiles-2.13.72.jar:/Users/foystorwan/.m2/repository/com/fasterxml/jackson/core/jackson-core/2.10.4/jackson-core-2.10.4.jar:/Users/foystorwan/.m2/repository/org/reactivestreams/reactive-streams/1.0.2/reactive-streams-1.0.2.jar:/Users/foystorwan/.m2/repository/software/amazon/awssdk/http-client-spi/2.13.72/http-client-spi-2.13.72.jar:/Users/foystorwan/.m2/repository/software/amazon/awssdk/metrics-spi/2.13.72/metrics-spi-2.13.72.jar:/Users/foystorwan/.m2/repository/software/amazon/awssdk/utils/2.13.72/utils-2.13.72.jar:/Users/foystorwan/.m2/repository/software/amazon/eventstream/eventstream/1.0.1/eventstream-1.0.1.jar:/Users/foystorwan/.m2/repository/software/amazon/awssdk/aws-json-protocol/2.17.195/aws-json-protocol-2.17.195.jar:/Users/foystorwan/.m2/repository/software/amazon/awssdk/third-party-jackson-core/2.17.195/third-party-jackson-core-2.17.195.jar:/Users/foystorwan/.m2/repository/software/amazon/awssdk/json-utils/2.17.195/json-utils-2.17.195.jar:/Users/foystorwan/.m2/repository/software/amazon/awssdk/protocol-core/2.17.195/protocol-core-2.17.195.jar:/Users/foystorwan/.m2/repository/software/amazon/awssdk/apache-client/2.17.195/apache-client-2.17.195.jar:/Users/foystorwan/.m2/repository/org/apache/httpcomponents/httpclient/4.5.13/httpclient-4.5.13.jar:/Users/foystorwan/.m2/repository/commons-logging/commons-logging/1.2/commons-logging-1.2.jar:/Users/foystorwan/.m2/repository/commons-codec/commons-codec/1.11/commons-codec-1.11.jar:/Users/foystorwan/.m2/repository/org/apache/httpcomponents/httpcore/4.4.13/httpcore-4.4.13.jar:/Users/foystorwan/.m2/repository/software/amazon/awssdk/netty-nio-client/2.17.195/netty-nio-client-2.17.195.jar:/Users/foystorwan/.m2/repository/io/netty/netty-codec-http/4.1.77.Final/netty-codec-http-4.1.77.Final.jar:/Users/foystorwan/.m2/repository/io/netty/netty-codec-http2/4.1.77.Final/netty-codec-http2-4.1.77.Final.jar:/Users/foystorwan/.m2/repository/io/netty/netty-codec/4.1.77.Final/netty-codec-4.1.77.Final.jar:/Users/foystorwan/.m2/repository/io/netty/netty-transport/4.1.77.Final/netty-transport-4.1.77.Final.jar:/Users/foystorwan/.m2/repository/io/netty/netty-resolver/4.1.77.Final/netty-resolver-4.1.77.Final.jar:/Users/foystorwan/.m2/repository/io/netty/netty-common/4.1.77.Final/netty-common-4.1.77.Final.jar:/Users/foystorwan/.m2/repository/io/netty/netty-buffer/4.1.77.Final/netty-buffer-4.1.77.Final.jar:/Users/foystorwan/.m2/repository/io/netty/netty-handler/4.1.77.Final/netty-handler-4.1.77.Final.jar:/Users/foystorwan/.m2/repository/io/netty/netty-transport-classes-epoll/4.1.77.Final/netty-transport-classes-epoll-4.1.77.Final.jar:/Users/foystorwan/.m2/repository/io/netty/netty-transport-native-unix-common/4.1.77.Final/netty-transport-native-unix-common-4.1.77.Final.jar:/Users/foystorwan/.m2/repository/com/typesafe/netty/netty-reactive-streams-http/2.0.5/netty-reactive-streams-http-2.0.5.jar:/Users/foystorwan/.m2/repository/com/typesafe/netty/netty-reactive-streams/2.0.5/netty-reactive-streams-2.0.5.jar:/Users/foystorwan/.m2/repository/org/junit/jupiter/junit-jupiter-engine/5.8.2/junit-jupiter-engine-5.8.2.jar:/Users/foystorwan/.m2/repository/org/junit/platform/junit-platform-engine/1.8.2/junit-platform-engine-1.8.2.jar:/Users/foystorwan/.m2/repository/org/apiguardian/apiguardian-api/1.1.2/apiguardian-api-1.1.2.jar:/Users/foystorwan/.m2/repository/org/junit/jupiter/junit-jupiter-api/5.8.2/junit-jupiter-api-5.8.2.jar:/Users/foystorwan/.m2/repository/org/opentest4j/opentest4j/1.2.0/opentest4j-1.2.0.jar:/Users/foystorwan/.m2/repository/org/junit/platform/junit-platform-commons/1.8.2/junit-platform-commons-1.8.2.jar:/Users/foystorwan/.m2/repository/com/google/guava/failureaccess/1.0.1/failureaccess-1.0.1.jar:/Users/foystorwan/.m2/repository/com/google/guava/listenablefuture/9999.0-empty-to-avoid-conflict-with-guava/listenablefuture-9999.0-empty-to-avoid-conflict-with-guava.jar:/Users/foystorwan/.m2/repository/com/google/code/findbugs/jsr305/3.0.2/jsr305-3.0.2.jar:/Users/foystorwan/.m2/repository/org/checkerframework/checker-qual/3.12.0/checker-qual-3.12.0.jar:/Users/foystorwan/.m2/repository/com/google/errorprone/error_prone_annotations/2.11.0/error_prone_annotations-2.11.0.jar:/Users/foystorwan/.m2/repository/com/google/j2objc/j2objc-annotations/1.3/j2objc-annotations-1.3.jar:/Users/foystorwan/.m2/repository/org/mockito/mockito-junit-jupiter/4.5.1/mockito-junit-jupiter-4.5.1.jar:/Users/foystorwan/.m2/repository/org/mockito/mockito-core/4.5.1/mockito-core-4.5.1.jar:/Users/foystorwan/.m2/repository/net/bytebuddy/byte-buddy/1.12.9/byte-buddy-1.12.9.jar:/Users/foystorwan/.m2/repository/net/bytebuddy/byte-buddy-agent/1.12.9/byte-buddy-agent-1.12.9.jar:/Users/foystorwan/.m2/repository/org/objenesis/objenesis/3.2/objenesis-3.2.jar:/Users/foystorwan/.m2/repository/org/junit/jupiter/junit-jupiter-params/5.8.2/junit-jupiter-params-5.8.2.jar:"/>
    <property name="java.vm.vendor" value="Oracle Corporation"/>
    <property name="sun.arch.data.model" value="64"/>
    <property name="sun.font.fontmanager" value="sun.font.CFontManager"/>
    <property name="java.vendor.url" value="https://java.oracle.com/"/>
    <property name="os.name" value="Mac OS X"/>
    <property name="java.vm.specification.version" value="17"/>
    <property name="sun.java.launcher" value="SUN_STANDARD"/>
    <property name="user.country" value="US"/>
    <property name="sun.boot.library.path" value="/Library/Java/JavaVirtualMachines/jdk-17.0.2.jdk/Contents/Home/lib"/>
    <property name="sun.java.command" value="org.apache.maven.surefire.booter.ForkedBooter /Users/foystorwan/Desktop/udasecurity-home-security/catpoint-parent/securitymodule/target/surefire 2022-06-23T14-29-47_344-jvmRun1 surefire3174810057096207100tmp surefire_04549256543583266791tmp"/>
    <property name="http.nonProxyHosts" value="local|*.local|169.254/16|*.169.254/16"/>
    <property name="jdk.debug" value="release"/>
    <property name="surefire.test.class.path" value="/Users/foystorwan/Desktop/udasecurity-home-security/catpoint-parent/securitymodule/target/test-classes:/Users/foystorwan/.m2/repository/software/amazon/awssdk/aws-core/2.13.72/aws-core-2.13.72.jar:/Users/foystorwan/.m2/repository/software/amazon/awssdk/annotations/2.13.72/annotations-2.13.72.jar:/Users/foystorwan/.m2/repository/com/fasterxml/jackson/core/jackson-databind/2.10.4/jackson-databind-2.10.4.jar:/Users/foystorwan/.m2/repository/com/fasterxml/jackson/core/jackson-annotations/2.10.4/jackson-annotations-2.10.4.jar:/Users/foystorwan/.m2/repository/software/amazon/awssdk/profiles/2.13.72/profiles-2.13.72.jar:/Users/foystorwan/.m2/repository/com/fasterxml/jackson/core/jackson-core/2.10.4/jackson-core-2.10.4.jar:/Users/foystorwan/.m2/repository/org/reactivestreams/reactive-streams/1.0.2/reactive-streams-1.0.2.jar:/Users/foystorwan/.m2/repository/software/amazon/awssdk/http-client-spi/2.13.72/http-client-spi-2.13.72.jar:/Users/foystorwan/.m2/repository/software/amazon/awssdk/metrics-spi/2.13.72/metrics-spi-2.13.72.jar:/Users/foystorwan/.m2/repository/software/amazon/awssdk/utils/2.13.72/utils-2.13.72.jar:/Users/foystorwan/.m2/repository/software/amazon/eventstream/eventstream/1.0.1/eventstream-1.0.1.jar:/Users/foystorwan/.m2/repository/software/amazon/awssdk/aws-json-protocol/2.17.195/aws-json-protocol-2.17.195.jar:/Users/foystorwan/.m2/repository/software/amazon/awssdk/third-party-jackson-core/2.17.195/third-party-jackson-core-2.17.195.jar:/Users/foystorwan/.m2/repository/software/amazon/awssdk/json-utils/2.17.195/json-utils-2.17.195.jar:/Users/foystorwan/.m2/repository/software/amazon/awssdk/protocol-core/2.17.195/protocol-core-2.17.195.jar:/Users/foystorwan/.m2/repository/software/amazon/awssdk/apache-client/2.17.195/apache-client-2.17.195.jar:/Users/foystorwan/.m2/repository/org/apache/httpcomponents/httpclient/4.5.13/httpclient-4.5.13.jar:/Users/foystorwan/.m2/repository/commons-logging/commons-logging/1.2/commons-logging-1.2.jar:/Users/foystorwan/.m2/repository/commons-codec/commons-codec/1.11/commons-codec-1.11.jar:/Users/foystorwan/.m2/repository/org/apache/httpcomponents/httpcore/4.4.13/httpcore-4.4.13.jar:/Users/foystorwan/.m2/repository/software/amazon/awssdk/netty-nio-client/2.17.195/netty-nio-client-2.17.195.jar:/Users/foystorwan/.m2/repository/io/netty/netty-codec-http/4.1.77.Final/netty-codec-http-4.1.77.Final.jar:/Users/foystorwan/.m2/repository/io/netty/netty-codec-http2/4.1.77.Final/netty-codec-http2-4.1.77.Final.jar:/Users/foystorwan/.m2/repository/io/netty/netty-codec/4.1.77.Final/netty-codec-4.1.77.Final.jar:/Users/foystorwan/.m2/repository/io/netty/netty-transport/4.1.77.Final/netty-transport-4.1.77.Final.jar:/Users/foystorwan/.m2/repository/io/netty/netty-resolver/4.1.77.Final/netty-resolver-4.1.77.Final.jar:/Users/foystorwan/.m2/repository/io/netty/netty-common/4.1.77.Final/netty-common-4.1.77.Final.jar:/Users/foystorwan/.m2/repository/io/netty/netty-buffer/4.1.77.Final/netty-buffer-4.1.77.Final.jar:/Users/foystorwan/.m2/repository/io/netty/netty-handler/4.1.77.Final/netty-handler-4.1.77.Final.jar:/Users/foystorwan/.m2/repository/io/netty/netty-transport-classes-epoll/4.1.77.Final/netty-transport-classes-epoll-4.1.77.Final.jar:/Users/foystorwan/.m2/repository/io/netty/netty-transport-native-unix-common/4.1.77.Final/netty-transport-native-unix-common-4.1.77.Final.jar:/Users/foystorwan/.m2/repository/com/typesafe/netty/netty-reactive-streams-http/2.0.5/netty-reactive-streams-http-2.0.5.jar:/Users/foystorwan/.m2/repository/com/typesafe/netty/netty-reactive-streams/2.0.5/netty-reactive-streams-2.0.5.jar:/Users/foystorwan/.m2/repository/org/junit/jupiter/junit-jupiter-engine/5.8.2/junit-jupiter-engine-5.8.2.jar:/Users/foystorwan/.m2/repository/org/junit/platform/junit-platform-engine/1.8.2/junit-platform-engine-1.8.2.jar:/Users/foystorwan/.m2/repository/org/apiguardian/apiguardian-api/1.1.2/apiguardian-api-1.1.2.jar:/Users/foystorwan/.m2/repository/org/junit/jupiter/junit-jupiter-api/5.8.2/junit-jupiter-api-5.8.2.jar:/Users/foystorwan/.m2/repository/org/opentest4j/opentest4j/1.2.0/opentest4j-1.2.0.jar:/Users/foystorwan/.m2/repository/org/junit/platform/junit-platform-commons/1.8.2/junit-platform-commons-1.8.2.jar:/Users/foystorwan/.m2/repository/com/google/guava/failureaccess/1.0.1/failureaccess-1.0.1.jar:/Users/foystorwan/.m2/repository/com/google/guava/listenablefuture/9999.0-empty-to-avoid-conflict-with-guava/listenablefuture-9999.0-empty-to-avoid-conflict-with-guava.jar:/Users/foystorwan/.m2/repository/com/google/code/findbugs/jsr305/3.0.2/jsr305-3.0.2.jar:/Users/foystorwan/.m2/repository/org/checkerframework/checker-qual/3.12.0/checker-qual-3.12.0.jar:/Users/foystorwan/.m2/repository/com/google/errorprone/error_prone_annotations/2.11.0/error_prone_annotations-2.11.0.jar:/Users/foystorwan/.m2/repository/com/google/j2objc/j2objc-annotations/1.3/j2objc-annotations-1.3.jar:/Users/foystorwan/.m2/repository/org/mockito/mockito-junit-jupiter/4.5.1/mockito-junit-jupiter-4.5.1.jar:/Users/foystorwan/.m2/repository/org/mockito/mockito-core/4.5.1/mockito-core-4.5.1.jar:/Users/foystorwan/.m2/repository/net/bytebuddy/byte-buddy/1.12.9/byte-buddy-1.12.9.jar:/Users/foystorwan/.m2/repository/net/bytebuddy/byte-buddy-agent/1.12.9/byte-buddy-agent-1.12.9.jar:/Users/foystorwan/.m2/repository/org/objenesis/objenesis/3.2/objenesis-3.2.jar:/Users/foystorwan/.m2/repository/org/junit/jupiter/junit-jupiter-params/5.8.2/junit-jupiter-params-5.8.2.jar:"/>
    <property name="sun.cpu.endian" value="little"/>
    <property name="user.home" value="/Users/foystorwan"/>
    <property name="user.language" value="zh"/>
    <property name="java.specification.vendor" value="Oracle Corporation"/>
    <property name="jdk.module.path" value="/Users/foystorwan/Desktop/udasecurity-home-security/catpoint-parent/securitymodule/target/classes:/Users/foystorwan/Desktop/udasecurity-home-security/catpoint-parent/imagemodule/target/imagemodule-1.0-SNAPSHOT.jar:/Users/foystorwan/.m2/repository/org/slf4j/slf4j-api/2.0.0-alpha7/slf4j-api-2.0.0-alpha7.jar:/Users/foystorwan/.m2/repository/software/amazon/awssdk/regions/2.13.72/regions-2.13.72.jar:/Users/foystorwan/.m2/repository/software/amazon/awssdk/auth/2.13.72/auth-2.13.72.jar:/Users/foystorwan/.m2/repository/software/amazon/awssdk/sdk-core/2.13.72/sdk-core-2.13.72.jar:/Users/foystorwan/.m2/repository/software/amazon/awssdk/rekognition/2.17.195/rekognition-2.17.195.jar:/Users/foystorwan/.m2/repository/com/miglayout/miglayout/3.7.4/miglayout-3.7.4.jar:/Users/foystorwan/.m2/repository/com/google/guava/guava/31.1-jre/guava-31.1-jre.jar:/Users/foystorwan/.m2/repository/com/google/code/gson/gson/2.9.0/gson-2.9.0.jar"/>
    <property name="java.version.date" value="2022-01-18"/>
    <property name="java.home" value="/Library/Java/JavaVirtualMachines/jdk-17.0.2.jdk/Contents/Home"/>
    <property name="file.separator" value="/"/>
    <property name="basedir" value="/Users/foystorwan/Desktop/udasecurity-home-security/catpoint-parent/securitymodule"/>
    <property name="java.vm.compressedOopsMode" value="Zero based"/>
    <property name="line.separator" value="&#10;"/>
    <property name="java.vm.specification.vendor" value="Oracle Corporation"/>
    <property name="java.specification.name" value="Java Platform API Specification"/>
    <property name="surefire.real.class.path" value="/Users/foystorwan/.m2/repository/org/apache/maven/surefire/surefire-booter/3.0.0-M6/surefire-booter-3.0.0-M6.jar:/Users/foystorwan/.m2/repository/org/apache/maven/surefire/surefire-api/3.0.0-M6/surefire-api-3.0.0-M6.jar:/Users/foystorwan/.m2/repository/org/apache/maven/surefire/surefire-logger-api/3.0.0-M6/surefire-logger-api-3.0.0-M6.jar:/Users/foystorwan/.m2/repository/org/apache/maven/surefire/surefire-shared-utils/3.0.0-M6/surefire-shared-utils-3.0.0-M6.jar:/Users/foystorwan/.m2/repository/org/apache/maven/surefire/surefire-extensions-spi/3.0.0-M6/surefire-extensions-spi-3.0.0-M6.jar:/Users/foystorwan/Desktop/udasecurity-home-security/catpoint-parent/securitymodule/target/test-classes:/Users/foystorwan/.m2/repository/software/amazon/awssdk/aws-core/2.13.72/aws-core-2.13.72.jar:/Users/foystorwan/.m2/repository/software/amazon/awssdk/annotations/2.13.72/annotations-2.13.72.jar:/Users/foystorwan/.m2/repository/com/fasterxml/jackson/core/jackson-databind/2.10.4/jackson-databind-2.10.4.jar:/Users/foystorwan/.m2/repository/com/fasterxml/jackson/core/jackson-annotations/2.10.4/jackson-annotations-2.10.4.jar:/Users/foystorwan/.m2/repository/software/amazon/awssdk/profiles/2.13.72/profiles-2.13.72.jar:/Users/foystorwan/.m2/repository/com/fasterxml/jackson/core/jackson-core/2.10.4/jackson-core-2.10.4.jar:/Users/foystorwan/.m2/repository/org/reactivestreams/reactive-streams/1.0.2/reactive-streams-1.0.2.jar:/Users/foystorwan/.m2/repository/software/amazon/awssdk/http-client-spi/2.13.72/http-client-spi-2.13.72.jar:/Users/foystorwan/.m2/repository/software/amazon/awssdk/metrics-spi/2.13.72/metrics-spi-2.13.72.jar:/Users/foystorwan/.m2/repository/software/amazon/awssdk/utils/2.13.72/utils-2.13.72.jar:/Users/foystorwan/.m2/repository/software/amazon/eventstream/eventstream/1.0.1/eventstream-1.0.1.jar:/Users/foystorwan/.m2/repository/software/amazon/awssdk/aws-json-protocol/2.17.195/aws-json-protocol-2.17.195.jar:/Users/foystorwan/.m2/repository/software/amazon/awssdk/third-party-jackson-core/2.17.195/third-party-jackson-core-2.17.195.jar:/Users/foystorwan/.m2/repository/software/amazon/awssdk/json-utils/2.17.195/json-utils-2.17.195.jar:/Users/foystorwan/.m2/repository/software/amazon/awssdk/protocol-core/2.17.195/protocol-core-2.17.195.jar:/Users/foystorwan/.m2/repository/software/amazon/awssdk/apache-client/2.17.195/apache-client-2.17.195.jar:/Users/foystorwan/.m2/repository/org/apache/httpcomponents/httpclient/4.5.13/httpclient-4.5.13.jar:/Users/foystorwan/.m2/repository/commons-logging/commons-logging/1.2/commons-logging-1.2.jar:/Users/foystorwan/.m2/repository/commons-codec/commons-codec/1.11/commons-codec-1.11.jar:/Users/foystorwan/.m2/repository/org/apache/httpcomponents/httpcore/4.4.13/httpcore-4.4.13.jar:/Users/foystorwan/.m2/repository/software/amazon/awssdk/netty-nio-client/2.17.195/netty-nio-client-2.17.195.jar:/Users/foystorwan/.m2/repository/io/netty/netty-codec-http/4.1.77.Final/netty-codec-http-4.1.77.Final.jar:/Users/foystorwan/.m2/repository/io/netty/netty-codec-http2/4.1.77.Final/netty-codec-http2-4.1.77.Final.jar:/Users/foystorwan/.m2/repository/io/netty/netty-codec/4.1.77.Final/netty-codec-4.1.77.Final.jar:/Users/foystorwan/.m2/repository/io/netty/netty-transport/4.1.77.Final/netty-transport-4.1.77.Final.jar:/Users/foystorwan/.m2/repository/io/netty/netty-resolver/4.1.77.Final/netty-resolver-4.1.77.Final.jar:/Users/foystorwan/.m2/repository/io/netty/netty-common/4.1.77.Final/netty-common-4.1.77.Final.jar:/Users/foystorwan/.m2/repository/io/netty/netty-buffer/4.1.77.Final/netty-buffer-4.1.77.Final.jar:/Users/foystorwan/.m2/repository/io/netty/netty-handler/4.1.77.Final/netty-handler-4.1.77.Final.jar:/Users/foystorwan/.m2/repository/io/netty/netty-transport-classes-epoll/4.1.77.Final/netty-transport-classes-epoll-4.1.77.Final.jar:/Users/foystorwan/.m2/repository/io/netty/netty-transport-native-unix-common/4.1.77.Final/netty-transport-native-unix-common-4.1.77.Final.jar:/Users/foystorwan/.m2/repository/com/typesafe/netty/netty-reactive-streams-http/2.0.5/netty-reactive-streams-http-2.0.5.jar:/Users/foystorwan/.m2/repository/com/typesafe/netty/netty-reactive-streams/2.0.5/netty-reactive-streams-2.0.5.jar:/Users/foystorwan/.m2/repository/org/junit/jupiter/junit-jupiter-engine/5.8.2/junit-jupiter-engine-5.8.2.jar:/Users/foystorwan/.m2/repository/org/junit/platform/junit-platform-engine/1.8.2/junit-platform-engine-1.8.2.jar:/Users/foystorwan/.m2/repository/org/apiguardian/apiguardian-api/1.1.2/apiguardian-api-1.1.2.jar:/Users/foystorwan/.m2/repository/org/junit/jupiter/junit-jupiter-api/5.8.2/junit-jupiter-api-5.8.2.jar:/Users/foystorwan/.m2/repository/org/opentest4j/opentest4j/1.2.0/opentest4j-1.2.0.jar:/Users/foystorwan/.m2/repository/org/junit/platform/junit-platform-commons/1.8.2/junit-platform-commons-1.8.2.jar:/Users/foystorwan/.m2/repository/com/google/guava/failureaccess/1.0.1/failureaccess-1.0.1.jar:/Users/foystorwan/.m2/repository/com/google/guava/listenablefuture/9999.0-empty-to-avoid-conflict-with-guava/listenablefuture-9999.0-empty-to-avoid-conflict-with-guava.jar:/Users/foystorwan/.m2/repository/com/google/code/findbugs/jsr305/3.0.2/jsr305-3.0.2.jar:/Users/foystorwan/.m2/repository/org/checkerframework/checker-qual/3.12.0/checker-qual-3.12.0.jar:/Users/foystorwan/.m2/repository/com/google/errorprone/error_prone_annotations/2.11.0/error_prone_annotations-2.11.0.jar:/Users/foystorwan/.m2/repository/com/google/j2objc/j2objc-annotations/1.3/j2objc-annotations-1.3.jar:/Users/foystorwan/.m2/repository/org/mockito/mockito-junit-jupiter/4.5.1/mockito-junit-jupiter-4.5.1.jar:/Users/foystorwan/.m2/repository/org/mockito/mockito-core/4.5.1/mockito-core-4.5.1.jar:/Users/foystorwan/.m2/repository/net/bytebuddy/byte-buddy/1.12.9/byte-buddy-1.12.9.jar:/Users/foystorwan/.m2/repository/net/bytebuddy/byte-buddy-agent/1.12.9/byte-buddy-agent-1.12.9.jar:/Users/foystorwan/.m2/repository/org/objenesis/objenesis/3.2/objenesis-3.2.jar:/Users/foystorwan/.m2/repository/org/junit/jupiter/junit-jupiter-params/5.8.2/junit-jupiter-params-5.8.2.jar:/Users/foystorwan/.m2/repository/org/apache/maven/surefire/surefire-junit-platform/3.0.0-M6/surefire-junit-platform-3.0.0-M6.jar:/Users/foystorwan/.m2/repository/org/apache/maven/surefire/common-java5/3.0.0-M6/common-java5-3.0.0-M6.jar:/Users/foystorwan/.m2/repository/org/junit/platform/junit-platform-launcher/1.8.2/junit-platform-launcher-1.8.2.jar"/>
    <property name="user.script" value="Hans"/>
    <property name="sun.management.compiler" value="HotSpot 64-Bit Tiered Compilers"/>
    <property name="ftp.nonProxyHosts" value="local|*.local|169.254/16|*.169.254/16"/>
    <property name="java.runtime.version" value="17.0.2+8-LTS-86"/>
    <property name="user.name" value="foystorwan"/>
    <property name="path.separator" value=":"/>
    <property name="os.version" value="12.3"/>
    <property name="java.runtime.name" value="Java(TM) SE Runtime Environment"/>
    <property name="file.encoding" value="UTF-8"/>
    <property name="java.vm.name" value="Java HotSpot(TM) 64-Bit Server VM"/>
    <property name="localRepository" value="/Users/foystorwan/.m2/repository"/>
    <property name="java.vendor.url.bug" value="https://bugreport.java.com/bugreport/"/>
    <property name="java.io.tmpdir" value="/var/folders/3j/jn7fk9nn78g1j8qyxy52mwkr0000gn/T/"/>
    <property name="idea.version" value="2021.3.2"/>
    <property name="java.version" value="17.0.2"/>
    <property name="user.dir" value="/Users/foystorwan/Desktop/udasecurity-home-security/catpoint-parent/securitymodule"/>
    <property name="os.arch" value="aarch64"/>
    <property name="java.vm.specification.name" value="Java Virtual Machine Specification"/>
    <property name="native.encoding" value="UTF-8"/>
    <property name="java.library.path" value="/Users/foystorwan/Library/Java/Extensions:/Library/Java/Extensions:/Network/Library/Java/Extensions:/System/Library/Java/Extensions:/usr/lib/java:."/>
    <property name="java.vm.info" value="mixed mode"/>
    <property name="java.vendor" value="Oracle Corporation"/>
    <property name="java.vm.version" value="17.0.2+8-LTS-86"/>
    <property name="sun.io.unicode.encoding" value="UnicodeBig"/>
    <property name="socksNonProxyHosts" value="local|*.local|169.254/16|*.169.254/16"/>
    <property name="java.class.version" value="61.0"/>
  </properties>
  <testcase name="handleSensorActivated_alarmArmedAndPendingAlarm_alarmStatusToAlarm(ArmingStatus)[1]" classname="com.udacity.security.service.SecurityServiceTest" time="0.28"/>
  <testcase name="handleSensorActivated_alarmArmedAndPendingAlarm_alarmStatusToAlarm(ArmingStatus)[2]" classname="com.udacity.security.service.SecurityServiceTest" time="0.002"/>
  <testcase name="setArmingStatus_armSystem_resetSensorsToInactive(ArmingStatus)[1]" classname="com.udacity.security.service.SecurityServiceTest" time="0.007"/>
  <testcase name="setArmingStatus_armSystem_resetSensorsToInactive(ArmingStatus)[2]" classname="com.udacity.security.service.SecurityServiceTest" time="0.002"/>
  <testcase name="handleSensorActivated_alarmArmed_pendingAlarm(ArmingStatus)[1]" classname="com.udacity.security.service.SecurityServiceTest" time="0.002"/>
  <testcase name="handleSensorActivated_alarmArmed_pendingAlarm(ArmingStatus)[2]" classname="com.udacity.security.service.SecurityServiceTest" time="0.002"/>
  <testcase name="activatedSensor_sensorActiveAndPendingSystem_changeToAlarmState" classname="com.udacity.security.service.SecurityServiceTest" time="0.001"/>
  <testcase name="handleSensorDeactivated_pendingAlarmAndSensorsInactive_returnToNoAlarm" classname="com.udacity.security.service.SecurityServiceTest" time="0.001"/>
  <testcase name="catNotDetected_sensorsInactive_changeToNoAlarm" classname="com.udacity.security.service.SecurityServiceTest" time="0.052"/>
  <testcase name="alarmActiveAndSystemDisarmed_changeToPending" classname="com.udacity.security.service.SecurityServiceTest" time="0.001"/>
  <testcase name="setArmingStatus_disarmSystem_changeToNoAlarm" classname="com.udacity.security.service.SecurityServiceTest" time="0"/>
  <testcase name="deactivateSensor_sensorInactive_notAffectAlarmState(AlarmStatus)[1]" classname="com.udacity.security.service.SecurityServiceTest" time="0.001"/>
  <testcase name="deactivateSensor_sensorInactive_notAffectAlarmState(AlarmStatus)[2]" classname="com.udacity.security.service.SecurityServiceTest" time="0.001"/>
  <testcase name="deactivateSensor_sensorInactive_notAffectAlarmState(AlarmStatus)[3]" classname="com.udacity.security.service.SecurityServiceTest" time="0.001"/>
  <testcase name="catDetected_armedHomeSystem_changeToAlarmStatus" classname="com.udacity.security.service.SecurityServiceTest" time="0.001"/>
  <testcase name="changeSensorStatus_alarmActive_notAffectAlarmState(boolean)[1]" classname="com.udacity.security.service.SecurityServiceTest" time="0.001"/>
  <testcase name="changeSensorStatus_alarmActive_notAffectAlarmState(boolean)[2]" classname="com.udacity.security.service.SecurityServiceTest" time="0.002"/>
  <testcase name="handleSensorDeactivated_sensorActiveAndSystemPending_returnToNoAlarm" classname="com.udacity.security.service.SecurityServiceTest" time="0.001"/>
  <testcase name="armedHomeSystem_cameraShowsCat_changeToAlarmStatus(ArmingStatus)[1]" classname="com.udacity.security.service.SecurityServiceTest" time="0.001"/>
  <testcase name="armedHomeSystem_cameraShowsCat_changeToAlarmStatus(ArmingStatus)[2]" classname="com.udacity.security.service.SecurityServiceTest" time="0.001"/>
</testsuite>